nohup: ignoring input
total trainable params: 9037945
model: Model(
  (features): Features(
    (aa_embedding): Embedding(23, 56)
    (signle_compress): Sequential(
      (0): Linear(in_features=384, out_features=128, bias=True)
      (1): GELU(approximate='none')
      (2): Linear(in_features=128, out_features=64, bias=True)
    )
    (pair_compress): Sequential(
      (0): Linear(in_features=128, out_features=128, bias=True)
      (1): GELU(approximate='none')
      (2): Linear(in_features=128, out_features=64, bias=True)
    )
    (chain_embedding): Embedding(4, 8)
    (distance_compress): Sequential(
      (0): Linear(in_features=256, out_features=128, bias=True)
      (1): GELU(approximate='none')
      (2): Linear(in_features=128, out_features=64, bias=True)
    )
    (pae_compress): Sequential(
      (0): Linear(in_features=16, out_features=16, bias=True)
      (1): GELU(approximate='none')
      (2): Linear(in_features=16, out_features=16, bias=True)
    )
    (plddt_embedding): Embedding(20, 16, padding_idx=0)
    (va_embedding): Embedding(63, 32, padding_idx=62)
    (ja_embedding): Embedding(66, 32, padding_idx=65)
    (vb_embedding): Embedding(71, 32, padding_idx=70)
    (jb_embedding): Embedding(17, 32, padding_idx=16)
    (hla_embedding): Embedding(44, 32, padding_idx=43)
    (single_position_encoding): PositionEncoding()
    (pair_position_encoding): RelativePositionEncoding(
      (embedding): Embedding(801, 144)
    )
    (single_out): Linear(in_features=144, out_features=128, bias=True)
    (pair_out): Linear(in_features=144, out_features=128, bias=True)
    (point_out): Linear(in_features=160, out_features=128, bias=True)
  )
  (pairformer): PairformerStack(
    (blocks): ModuleList(
      (0-11): 12 x PairformerBlock(
        (pair_update): PairUpdate(
          (tri_mul_out): TriangleMultiplication(
            (norm): LayerNorm((128,), eps=1e-05, elementwise_affine=True)
            (norm1): LayerNorm((128,), eps=1e-05, elementwise_affine=True)
            (linear_ab): Linear(in_features=128, out_features=256, bias=False)
            (linear_abg): Linear(in_features=128, out_features=256, bias=False)
            (linear_g): Linear(in_features=128, out_features=128, bias=False)
            (linear_out): Linear(in_features=128, out_features=128, bias=False)
          )
          (tri_mul_in): TriangleMultiplication(
            (norm): LayerNorm((128,), eps=1e-05, elementwise_affine=True)
            (norm1): LayerNorm((128,), eps=1e-05, elementwise_affine=True)
            (linear_ab): Linear(in_features=128, out_features=256, bias=False)
            (linear_abg): Linear(in_features=128, out_features=256, bias=False)
            (linear_g): Linear(in_features=128, out_features=128, bias=False)
            (linear_out): Linear(in_features=128, out_features=128, bias=False)
          )
          (tri_attn_start): TriangleAttention(
            (norm): LayerNorm((128,), eps=1e-05, elementwise_affine=True)
            (linear_qkv): Linear(in_features=128, out_features=96, bias=False)
            (linear_b): Linear(in_features=128, out_features=4, bias=False)
            (linear_g): Linear(in_features=128, out_features=128, bias=False)
            (linear_out): Linear(in_features=32, out_features=128, bias=False)
          )
          (tri_attn_end): TriangleAttention(
            (norm): LayerNorm((128,), eps=1e-05, elementwise_affine=True)
            (linear_qkv): Linear(in_features=128, out_features=96, bias=False)
            (linear_b): Linear(in_features=128, out_features=4, bias=False)
            (linear_g): Linear(in_features=128, out_features=128, bias=False)
            (linear_out): Linear(in_features=32, out_features=128, bias=False)
          )
          (transition): TransitionLayer(
            (norm): LayerNorm((128,), eps=1e-05, elementwise_affine=True)
            (linear_ab): Linear(in_features=128, out_features=1024, bias=True)
            (linear_out): Linear(in_features=512, out_features=128, bias=True)
          )
        )
        (single_update): SingleUpdate(
          (attn): AttentionPairBias(
            (norm): LayerNorm((128,), eps=1e-05, elementwise_affine=True)
            (linear_q): Linear(in_features=128, out_features=128, bias=False)
            (linear_kv): Linear(in_features=128, out_features=256, bias=False)
            (linear_b): Linear(in_features=128, out_features=8, bias=False)
            (linear_out): Linear(in_features=128, out_features=128, bias=False)
          )
          (transition): TransitionLayer(
            (norm): LayerNorm((128,), eps=1e-05, elementwise_affine=True)
            (linear_ab): Linear(in_features=128, out_features=1024, bias=True)
            (linear_out): Linear(in_features=512, out_features=128, bias=True)
          )
        )
      )
    )
  )
  (head): Linear(in_features=256, out_features=1, bias=True)
)
Epoch 0, Batch 0, Loss: 0.8426922559738159
Traceback (most recent call last):
  File "/home/xycui/anaconda3/envs/proteinmpnn/lib/python3.9/runpy.py", line 197, in _run_module_as_main
    return _run_code(code, main_globals, None,
  File "/home/xycui/anaconda3/envs/proteinmpnn/lib/python3.9/runpy.py", line 87, in _run_code
    exec(code, run_globals)
  File "/home/xycui/project/af3_binding/scripts/train.py", line 38, in <module>
    main(config)
  File "/home/xycui/project/af3_binding/scripts/train.py", line 25, in main
    m_trainer.train()
  File "/home/xycui/project/af3_binding/af3_binding/trainer/trainer.py", line 78, in train
    outputs = self.model(inputs)
  File "/home/xycui/anaconda3/envs/proteinmpnn/lib/python3.9/site-packages/torch/nn/modules/module.py", line 1532, in _wrapped_call_impl
    return self._call_impl(*args, **kwargs)
  File "/home/xycui/anaconda3/envs/proteinmpnn/lib/python3.9/site-packages/torch/nn/modules/module.py", line 1541, in _call_impl
    return forward_call(*args, **kwargs)
  File "/home/xycui/project/af3_binding/af3_binding/model/model.py", line 277, in forward
    single, pair = self.pairformer(single_embedding, pair_embedding, single_mask, pair_mask)
  File "/home/xycui/anaconda3/envs/proteinmpnn/lib/python3.9/site-packages/torch/nn/modules/module.py", line 1532, in _wrapped_call_impl
    return self._call_impl(*args, **kwargs)
  File "/home/xycui/anaconda3/envs/proteinmpnn/lib/python3.9/site-packages/torch/nn/modules/module.py", line 1541, in _call_impl
    return forward_call(*args, **kwargs)
  File "/home/xycui/project/af3_binding/af3_binding/model/model.py", line 253, in forward
    single, pair = block(single, pair, single_mask, pair_mask)
  File "/home/xycui/anaconda3/envs/proteinmpnn/lib/python3.9/site-packages/torch/nn/modules/module.py", line 1532, in _wrapped_call_impl
    return self._call_impl(*args, **kwargs)
  File "/home/xycui/anaconda3/envs/proteinmpnn/lib/python3.9/site-packages/torch/nn/modules/module.py", line 1541, in _call_impl
    return forward_call(*args, **kwargs)
  File "/home/xycui/project/af3_binding/af3_binding/model/model.py", line 238, in forward
    pair = self.pair_update(pair, pair_mask)
  File "/home/xycui/anaconda3/envs/proteinmpnn/lib/python3.9/site-packages/torch/nn/modules/module.py", line 1532, in _wrapped_call_impl
    return self._call_impl(*args, **kwargs)
  File "/home/xycui/anaconda3/envs/proteinmpnn/lib/python3.9/site-packages/torch/nn/modules/module.py", line 1541, in _call_impl
    return forward_call(*args, **kwargs)
  File "/home/xycui/project/af3_binding/af3_binding/model/model.py", line 172, in forward
    pair = pair + self.tri_attn_start(pair, pair_mask)
  File "/home/xycui/anaconda3/envs/proteinmpnn/lib/python3.9/site-packages/torch/nn/modules/module.py", line 1532, in _wrapped_call_impl
    return self._call_impl(*args, **kwargs)
  File "/home/xycui/anaconda3/envs/proteinmpnn/lib/python3.9/site-packages/torch/nn/modules/module.py", line 1541, in _call_impl
    return forward_call(*args, **kwargs)
  File "/home/xycui/project/af3_binding/af3_binding/model/model.py", line 113, in forward
    g = torch.sigmoid(self.linear_g(z)) # [B, L, L, D]
torch.cuda.OutOfMemoryError: CUDA out of memory. Tried to allocate 56.00 MiB. GPU  has a total capacity of 44.53 GiB of which 46.69 MiB is free. Process 105474 has 9.74 GiB memory in use. Including non-PyTorch memory, this process has 34.72 GiB memory in use. Of the allocated memory 32.99 GiB is allocated by PyTorch, and 1.23 GiB is reserved by PyTorch but unallocated. If reserved but unallocated memory is large try setting PYTORCH_CUDA_ALLOC_CONF=expandable_segments:True to avoid fragmentation.  See documentation for Memory Management  (https://pytorch.org/docs/stable/notes/cuda.html#environment-variables)
